<?xml version="1.0" encoding="UTF-8"?>
<testsuite name="com.example.AreaCalculatorTest" tests="4" skipped="0" failures="0" errors="0" timestamp="2017-09-14T19:00:38" hostname="COMPOZED-G2-125" time="0.003">
  <properties/>
  <testcase name="testCircle_EquilateralTriangle_Rectangle" classname="com.example.AreaCalculatorTest" time="0.002"/>
  <testcase name="testEquilateralTriangle" classname="com.example.AreaCalculatorTest" time="0.0"/>
  <testcase name="testCircle" classname="com.example.AreaCalculatorTest" time="0.0"/>
  <testcase name="testRectangle" classname="com.example.AreaCalculatorTest" time="0.0"/>
  <system-out><![CDATA[]]></system-out>
  <system-err><![CDATA[]]></system-err>
</testsuite>
